This is pdfTeX, Version 3.14159265-2.6-1.40.21 (MiKTeX 20.12) (preloaded format=pdflatex 2020.12.30)  10 JUN 2021 18:33
entering extended mode
**./project_report.tex
(project_report.tex
LaTeX2e <2020-10-01> patch level 2
L3 programming layer <2020-12-07> xparse <2020-03-03> (finalproject.cls
Document Class: finalproject 2021/05/07 v. 1.0Stochastic Methods final project 
class
(C:\Users\const\AppData\Local\Programs\MiKTeX\tex/latex/xifthen\xifthen.sty
Package: xifthen 2015/11/05 v1.4.0 Extended ifthen features

(C:\Users\const\AppData\Local\Programs\MiKTeX\tex/latex/tools\calc.sty
Package: calc 2017/05/25 v4.3 Infix arithmetic (KKT,FJ)
\calc@Acount=\count177
\calc@Bcount=\count178
\calc@Adimen=\dimen138
\calc@Bdimen=\dimen139
\calc@Askip=\skip47
\calc@Bskip=\skip48
LaTeX Info: Redefining \setlength on input line 80.
LaTeX Info: Redefining \addtolength on input line 81.
\calc@Ccount=\count179
\calc@Cskip=\skip49
)
(C:\Users\const\AppData\Local\Programs\MiKTeX\tex/latex/base\ifthen.sty
Package: ifthen 2014/09/29 v1.1c Standard LaTeX ifthen package (DPC)
)
(C:\Users\const\AppData\Local\Programs\MiKTeX\tex/latex/ifmtarg\ifmtarg.sty
Package: ifmtarg 2018/04/16 v1.2b check for an empty argument
))
*** Please report bugs, comments, suggestions, and improvements to: 
*** Edoardo Vechi <edoardo.vecchi@usi.ch>
(C:\Users\const\AppData\Local\Programs\MiKTeX\tex/latex/base\article.cls
Document Class: article 2020/04/10 v1.4m Standard LaTeX document class
(C:\Users\const\AppData\Local\Programs\MiKTeX\tex/latex/base\size10.clo
File: size10.clo 2020/04/10 v1.4m Standard LaTeX file (size option)
)
\c@part=\count180
\c@section=\count181
\c@subsection=\count182
\c@subsubsection=\count183
\c@paragraph=\count184
\c@subparagraph=\count185
\c@figure=\count186
\c@table=\count187
\abovecaptionskip=\skip50
\belowcaptionskip=\skip51
\bibindent=\dimen140
)
(C:\Users\const\AppData\Local\Programs\MiKTeX\tex/latex/base\fontenc.sty
Package: fontenc 2020/08/10 v2.0s Standard LaTeX package
)
(C:\Users\const\AppData\Local\Programs\MiKTeX\tex/latex/mathdesign\mathdesign.s
ty
Package: mathdesign 2013/08/29 v2.31 Math Design Project
 (C:\Users\const\AppData\Local\Programs\MiKTeX\tex/latex/graphics\keyval.sty
Package: keyval 2014/10/28 v1.15 key=value parser (DPC)
\KV@toks@=\toks15
)
(C:\Users\const\AppData\Local\Programs\MiKTeX\tex/latex/mathdesign/mdbch\mdbch.
cfg)
(C:\Users\const\AppData\Local\Programs\MiKTeX\tex/latex/mathdesign/mdbch\mdbch.
sty
Package: mdbch 2013/08/29 v2.31 bitstream bitstream charter + mdbch (Math Desig
n Project)

(C:\Users\const\AppData\Local\Programs\MiKTeX\tex/latex/mathdesign\mdfont.def
File: mdfont.def 2013/08/29 v2.31 (Math Design Project)
)
(C:\Users\const\AppData\Local\Programs\MiKTeX\tex/latex/mathdesign\mdsffont.def
File: mdsffont.def 2013/08/29 v2.31 (Math Design Project)

LaTeX Warning: Font shape declaration has incorrect series value `mc'.
               It should not contain an `m'! Please correct it.
               Found on input line 53.


LaTeX Warning: Font shape declaration has incorrect series value `mc'.
               It should not contain an `m'! Please correct it.
               Found on input line 56.


LaTeX Warning: Font shape declaration has incorrect series value `mc'.
               It should not contain an `m'! Please correct it.
               Found on input line 59.


LaTeX Warning: Font shape declaration has incorrect series value `mc'.
               It should not contain an `m'! Please correct it.
               Found on input line 79.


LaTeX Warning: Font shape declaration has incorrect series value `mc'.
               It should not contain an `m'! Please correct it.
               Found on input line 102.


LaTeX Warning: Font shape declaration has incorrect series value `mc'.
               It should not contain an `m'! Please correct it.
               Found on input line 105.


LaTeX Warning: Font shape declaration has incorrect series value `mc'.
               It should not contain an `m'! Please correct it.
               Found on input line 108.


LaTeX Warning: Font shape declaration has incorrect series value `mc'.
               It should not contain an `m'! Please correct it.
               Found on input line 128.


LaTeX Warning: Font shape declaration has incorrect series value `mc'.
               It should not contain an `m'! Please correct it.
               Found on input line 259.


LaTeX Warning: Font shape declaration has incorrect series value `mc'.
               It should not contain an `m'! Please correct it.
               Found on input line 262.


LaTeX Warning: Font shape declaration has incorrect series value `mc'.
               It should not contain an `m'! Please correct it.
               Found on input line 265.


LaTeX Warning: Font shape declaration has incorrect series value `mc'.
               It should not contain an `m'! Please correct it.
               Found on input line 268.


LaTeX Warning: Font shape declaration has incorrect series value `mc'.
               It should not contain an `m'! Please correct it.
               Found on input line 313.


LaTeX Warning: Font shape declaration has incorrect series value `mc'.
               It should not contain an `m'! Please correct it.
               Found on input line 316.


LaTeX Warning: Font shape declaration has incorrect series value `mc'.
               It should not contain an `m'! Please correct it.
               Found on input line 319.


LaTeX Warning: Font shape declaration has incorrect series value `mc'.
               It should not contain an `m'! Please correct it.
               Found on input line 322.

)
(C:\Users\const\AppData\Local\Programs\MiKTeX\tex/latex/mathdesign\mdttfont.def
File: mdttfont.def 2013/08/29 v2.31 (Math Design Project)
)
\symmdcal=\mathgroup4
LaTeX Font Info:    Overwriting symbol font `mdcal' in version `bold'
(Font)                  OMS/mdbch/m/n --> OMS/mdbch/b/n on input line 97.
\symmdscr=\mathgroup5
LaTeX Font Info:    Overwriting symbol font `mdscr' in version `bold'
(Font)                  OMS/mdbch/m/n --> OMS/mdbch/b/n on input line 103.
LaTeX Font Info:    Overwriting math alphabet `\mathfrak' in version `bold'
(Font)                  U/xmdeuf/m/n --> U/xmdeuf/b/n on input line 110.
LaTeX Font Info:    Overwriting symbol font `operators' in version `normal'
(Font)                  OT1/cmr/m/n --> OT1/mdbch/m/n on input line 121.
LaTeX Font Info:    Overwriting symbol font `letters' in version `normal'
(Font)                  OML/cmm/m/it --> OML/mdbch/m/it on input line 122.
LaTeX Font Info:    Overwriting symbol font `symbols' in version `normal'
(Font)                  OMS/cmsy/m/n --> OMS/mdbch/m/n on input line 123.
LaTeX Font Info:    Overwriting symbol font `largesymbols' in version `normal'
(Font)                  OMX/cmex/m/n --> OMX/mdbch/m/n on input line 124.
LaTeX Font Info:    Overwriting symbol font `operators' in version `bold'
(Font)                  OT1/cmr/bx/n --> OT1/mdbch/b/n on input line 126.
LaTeX Font Info:    Overwriting symbol font `letters' in version `bold'
(Font)                  OML/cmm/b/it --> OML/mdbch/b/it on input line 127.
LaTeX Font Info:    Overwriting symbol font `symbols' in version `bold'
(Font)                  OMS/cmsy/b/n --> OMS/mdbch/b/n on input line 128.
LaTeX Font Info:    Overwriting symbol font `largesymbols' in version `bold'
(Font)                  OMX/cmex/m/n --> OMX/mdbch/b/n on input line 129.
LaTeX Font Info:    Overwriting math alphabet `\mathrm' in version `normal'
(Font)                  OT1/mdbch/m/n --> T1/mdbch/m/n on input line 131.
LaTeX Font Info:    Overwriting math alphabet `\mathbf' in version `normal'
(Font)                  OT1/cmr/bx/n --> T1/mdbch/b/n on input line 132.
LaTeX Font Info:    Overwriting math alphabet `\mathit' in version `normal'
(Font)                  OT1/cmr/m/it --> T1/mdbch/m/it on input line 133.
LaTeX Font Info:    Overwriting math alphabet `\mathsf' in version `normal'
(Font)                  OT1/cmss/m/n --> T1/cmss/m/n on input line 134.
LaTeX Font Info:    Overwriting math alphabet `\mathtt' in version `normal'
(Font)                  OT1/cmtt/m/n --> T1/cmtt/m/n on input line 135.
LaTeX Font Info:    Overwriting math alphabet `\mathrm' in version `bold'
(Font)                  OT1/mdbch/b/n --> T1/mdbch/b/n on input line 137.
LaTeX Font Info:    Overwriting math alphabet `\mathbf' in version `bold'
(Font)                  OT1/cmr/bx/n --> T1/mdbch/b/n on input line 138.
LaTeX Font Info:    Overwriting math alphabet `\mathit' in version `bold'
(Font)                  OT1/cmr/bx/it --> T1/mdbch/b/it on input line 139.
LaTeX Font Info:    Overwriting math alphabet `\mathsf' in version `bold'
(Font)                  OT1/cmss/bx/n --> T1/cmss/b/n on input line 140.
LaTeX Font Info:    Overwriting math alphabet `\mathtt' in version `bold'
(Font)                  OT1/cmtt/m/n --> T1/cmtt/b/n on input line 141.
\symlettersupright=\mathgroup6
LaTeX Font Info:    Overwriting symbol font `lettersupright' in version `bold'
(Font)                  OML/mdbch/m/n --> OML/mdbch/b/n on input line 144.
LaTeX Font Info:    Redeclaring math alphabet \mathrm on input line 145.
LaTeX Font Info:    Overwriting math alphabet `\mathcal' in version `normal'
(Font)                  OMS/mdbch/m/n --> OMS/mdbch/m/n on input line 167.
 (C:\Users\const\AppData\Local\Programs\MiKTeX\tex/latex/xkeyval\xkeyval.sty
Package: xkeyval 2020/11/20 v2.8 package option processing (HA)

(C:\Users\const\AppData\Local\Programs\MiKTeX\tex/generic/xkeyval\xkeyval.tex
(C:\Users\const\AppData\Local\Programs\MiKTeX\tex/generic/xkeyval\xkvutils.tex
\XKV@toks=\toks16
\XKV@tempa@toks=\toks17
)
\XKV@depth=\count188
File: xkeyval.tex 2014/12/03 v2.7a key=value parser (HA)
))
LaTeX Font Info:    Trying to load font information for T1+mdbch on input line 
186.

(C:\Users\const\AppData\Local\Programs\MiKTeX\tex/latex/mathdesign/mdbch\t1mdbc
h.fd
File: t1mdbch.fd 2013/08/29 Fontinst v1.933 font definitions for T1/mdbch.
)
LaTeX Font Info:    Font shape `T1/mdbch/m/n' will be
(Font)              scaled to size 9.60007pt on input line 186.
LaTeX Font Info:    Redeclaring math accent \widetilde on input line 449.
LaTeX Font Info:    Redeclaring math accent \widehat on input line 450.
Now handling font encoding MDA ...
... no UTF-8 mapping file for font encoding MDA
\symmathdesignA=\mathgroup7
LaTeX Font Info:    Overwriting symbol font `mathdesignA' in version `bold'
(Font)                  MDA/mdbch/m/n --> MDA/mdbch/b/n on input line 491.
Now handling font encoding MDB ...
... no UTF-8 mapping file for font encoding MDB
\symmathdesignB=\mathgroup8
LaTeX Font Info:    Overwriting symbol font `mathdesignB' in version `bold'
(Font)                  MDB/mdbch/m/n --> MDB/mdbch/b/n on input line 498.
\@emptytoks=\toks18
LaTeX Font Info:    Redeclaring math accent \widetilde on input line 532.
LaTeX Font Info:    Redeclaring math accent \widehat on input line 533.
\rulethickness=\skip52
) (C:\Users\const\AppData\Local\Programs\MiKTeX\tex/latex/base\fontenc.sty
Package: fontenc 2020/08/10 v2.0s Standard LaTeX package
)) (C:\Users\const\AppData\Local\Programs\MiKTeX\tex/latex/bera\beramono.sty
Package: beramono 2004/01/31 (WaS)
)
(C:\Users\const\AppData\Local\Programs\MiKTeX\tex/latex/sectsty\sectsty.sty
Package: sectsty 2002/02/25 v2.0.2 Commands to change all sectional heading sty
les


LaTeX Warning: Command \underbar  has changed.
               Check if current package is valid.


LaTeX Warning: Command \underline  has changed.
               Check if current package is valid.

) (C:\Users\const\AppData\Local\Programs\MiKTeX\tex/latex/geometry\geometry.sty
Package: geometry 2020/01/02 v5.9 Page Geometry
(C:\Users\const\AppData\Local\Programs\MiKTeX\tex/generic/iftex\ifvtex.sty
Package: ifvtex 2019/10/25 v1.7 ifvtex legacy package. Use iftex instead.

(C:\Users\const\AppData\Local\Programs\MiKTeX\tex/generic/iftex\iftex.sty
Package: iftex 2020/03/06 v1.0d TeX engine tests
))
\Gm@cnth=\count189
\Gm@cntv=\count190
\c@Gm@tempcnt=\count191
\Gm@bindingoffset=\dimen141
\Gm@wd@mp=\dimen142
\Gm@odd@mp=\dimen143
\Gm@even@mp=\dimen144
\Gm@layoutwidth=\dimen145
\Gm@layoutheight=\dimen146
\Gm@layouthoffset=\dimen147
\Gm@layoutvoffset=\dimen148
\Gm@dimlist=\toks19

(C:\Users\const\AppData\Local\Programs\MiKTeX\tex/latex/geometry\geometry.cfg))
(C:\Users\const\AppData\Local\Programs\MiKTeX\tex/latex/fancyhdr\fancyhdr.sty
Package: fancyhdr 2019/01/31 v3.10 Extensive control of page headers and footer
s
\f@nch@headwidth=\skip53
\f@nch@O@elh=\skip54
\f@nch@O@erh=\skip55
\f@nch@O@olh=\skip56
\f@nch@O@orh=\skip57
\f@nch@O@elf=\skip58
\f@nch@O@erf=\skip59
\f@nch@O@olf=\skip60
\f@nch@O@orf=\skip61
)
(C:\Users\const\AppData\Local\Programs\MiKTeX\tex/latex/caption\caption.sty
Package: caption 2020/10/26 v3.5g Customizing captions (AR)

(C:\Users\const\AppData\Local\Programs\MiKTeX\tex/latex/caption\caption3.sty
Package: caption3 2020/10/21 v2.2e caption3 kernel (AR)
\captionmargin=\dimen149
\captionmargin@=\dimen150
\captionwidth=\dimen151
\caption@tempdima=\dimen152
\caption@indent=\dimen153
\caption@parindent=\dimen154
\caption@hangindent=\dimen155
Package caption Info: Standard document class detected.
)
\c@caption@flags=\count192
\c@continuedfloat=\count193
)
(C:\Users\const\AppData\Local\Programs\MiKTeX\tex/latex/datatool\datatool.sty
Package: datatool 2019/09/27 v2.32 (NLCT)

(C:\Users\const\AppData\Local\Programs\MiKTeX\tex/latex/xfor\xfor.sty
Package: xfor 2009/02/05 v1.05 (NLCT)
)
(C:\Users\const\AppData\Local\Programs\MiKTeX\tex/latex/substr\substr.sty
Package: substr 2009/10/20 v1.2 Handle substrings
\c@su@anzahl=\count194
)
(C:\Users\const\AppData\Local\Programs\MiKTeX\tex/latex/etoolbox\etoolbox.sty
Package: etoolbox 2020/10/05 v2.5k e-TeX tools for LaTeX (JAW)
\etb@tempcnta=\count195
)
(C:\Users\const\AppData\Local\Programs\MiKTeX\tex/latex/datatool\datatool-base.
sty
Package: datatool-base 2019/09/27 v2.32 (NLCT)
 (C:\Users\const\AppData\Local\Programs\MiKTeX\tex/latex/amsmath\amsmath.sty
Package: amsmath 2020/09/23 v2.17i AMS math features
\@mathmargin=\skip62
For additional information on amsmath, use the `?' option.
(C:\Users\const\AppData\Local\Programs\MiKTeX\tex/latex/amsmath\amstext.sty
Package: amstext 2000/06/29 v2.01 AMS text

(C:\Users\const\AppData\Local\Programs\MiKTeX\tex/latex/amsmath\amsgen.sty
File: amsgen.sty 1999/11/30 v2.0 generic functions
\@emptytoks=\toks20
\ex@=\dimen156
))
(C:\Users\const\AppData\Local\Programs\MiKTeX\tex/latex/amsmath\amsbsy.sty
Package: amsbsy 1999/11/29 v1.2d Bold Symbols
\pmbraise@=\dimen157
)
(C:\Users\const\AppData\Local\Programs\MiKTeX\tex/latex/amsmath\amsopn.sty
Package: amsopn 2016/03/08 v2.02 operator names
)
\inf@bad=\count196
LaTeX Info: Redefining \frac on input line 234.
\uproot@=\count197
\leftroot@=\count198
LaTeX Info: Redefining \overline on input line 399.
\classnum@=\count199
\DOTSCASE@=\count266
LaTeX Info: Redefining \ldots on input line 496.
LaTeX Info: Redefining \dots on input line 499.
LaTeX Info: Redefining \cdots on input line 620.
\Mathstrutbox@=\box47
\strutbox@=\box48
\big@size=\dimen158
LaTeX Font Info:    Redeclaring font encoding OML on input line 743.
LaTeX Font Info:    Redeclaring font encoding OMS on input line 744.
\macc@depth=\count267
\c@MaxMatrixCols=\count268
\dotsspace@=\muskip16
\c@parentequation=\count269
\dspbrk@lvl=\count270
\tag@help=\toks21
\row@=\count271
\column@=\count272
\maxfields@=\count273
\andhelp@=\toks22
\eqnshift@=\dimen159
\alignsep@=\dimen160
\tagshift@=\dimen161
\tagwidth@=\dimen162
\totwidth@=\dimen163
\lineht@=\dimen164
\@envbody=\toks23
\multlinegap=\skip63
\multlinetaggap=\skip64
\mathdisplay@stack=\toks24
LaTeX Info: Redefining \[ on input line 2923.
LaTeX Info: Redefining \] on input line 2924.
)
(C:\Users\const\AppData\Local\Programs\MiKTeX\tex/latex/datatool\datatool-fp.st
y
Package: datatool-fp 2019/09/27 v2.32 (NLCT)
 (C:\Users\const\AppData\Local\Programs\MiKTeX\tex/latex/fp\fp.sty
Package: fp 1995/04/02

`Fixed Point Package', Version 0.8, April 2, 1995 (C) Michael Mehlich
(C:\Users\const\AppData\Local\Programs\MiKTeX\tex/latex/fp\defpattern.sty
Package: defpattern 1994/10/12
\actioncount=\count274
)
(C:\Users\const\AppData\Local\Programs\MiKTeX\tex/latex/fp\fp-basic.sty
Package: fp-basic 1996/05/13
\FP@xs=\count275
\FP@xia=\count276
\FP@xib=\count277
\FP@xfa=\count278
\FP@xfb=\count279
\FP@rega=\count280
\FP@regb=\count281
\FP@regs=\count282
\FP@times=\count283
)
(C:\Users\const\AppData\Local\Programs\MiKTeX\tex/latex/fp\fp-addons.sty
Package: fp-addons 1995/03/15
)
(C:\Users\const\AppData\Local\Programs\MiKTeX\tex/latex/fp\fp-snap.sty
Package: fp-snap 1995/04/05
)
(C:\Users\const\AppData\Local\Programs\MiKTeX\tex/latex/fp\fp-exp.sty
Package: fp-exp 1995/04/03
)
(C:\Users\const\AppData\Local\Programs\MiKTeX\tex/latex/fp\fp-trigo.sty
Package: fp-trigo 1995/04/14
)
(C:\Users\const\AppData\Local\Programs\MiKTeX\tex/latex/fp\fp-pas.sty
Package: fp-pas 1994/08/29
)
(C:\Users\const\AppData\Local\Programs\MiKTeX\tex/latex/fp\fp-random.sty
Package: fp-random 1995/02/23
\FPseed=\count284
)
(C:\Users\const\AppData\Local\Programs\MiKTeX\tex/latex/fp\fp-eqn.sty
Package: fp-eqn 1995/04/03
)
(C:\Users\const\AppData\Local\Programs\MiKTeX\tex/latex/fp\fp-upn.sty
Package: fp-upn 1996/10/21
)
(C:\Users\const\AppData\Local\Programs\MiKTeX\tex/latex/fp\fp-eval.sty
Package: fp-eval 1995/04/03
)))
\@dtl@toks=\toks25
\@dtl@tmpcount=\count285
\dtl@tmplength=\skip65
\dtl@sortresult=\count286
\@dtl@numgrpsepcount=\count287
\@dtl@datatype=\count288
\dtl@codeA=\count289
\dtl@codeB=\count290
\@dtl@foreach@level=\count291
)
\dtlcolumnnum=\count292
\dtlrownum=\count293
\@dtl@before=\toks26
\@dtl@after=\toks27
\@dtl@colhead=\toks28
\dtlcurrentrow=\toks29
\dtlbeforerow=\toks30
\dtlafterrow=\toks31
\dtlforeachlevel=\count294
\c@DTLrowi=\count295
\c@DTLrowii=\count296
\c@DTLrowiii=\count297
\c@DTLrow=\count298
\dtl@rowi=\count299
\dtl@rowii=\count300
\dtl@rowiii=\count301
\@dtl@curi=\toks32
\@dtl@previ=\toks33
\@dtl@nexti=\toks34
\@dtl@curii=\toks35
\@dtl@previi=\toks36
\@dtl@nextii=\toks37
\@dtl@curiii=\toks38
\@dtl@previii=\toks39
\@dtl@nextiii=\toks40
\@dtl@elements=\count302
\@dtl@list=\toks41
\@dtl@rowa=\toks42
\@dtl@rowb=\toks43
\@dtl@toksA=\toks44
\@dtl@toksB=\toks45
\@dtl@write=\write3
\@dtl@read=\read2
\dtl@entrycr=\count303
\dtl@omitlines=\count304
)
\c@student1=\count305
\c@student2=\count306
\c@student3=\count307
\c@groupmembersmembers=\count308

(C:\Users\const\AppData\Local\Programs\MiKTeX\tex/latex/booktabs\booktabs.sty
Package: booktabs 2020/01/12 v1.61803398 Publication quality tables
\heavyrulewidth=\dimen165
\lightrulewidth=\dimen166
\cmidrulewidth=\dimen167
\belowrulesep=\dimen168
\belowbottomsep=\dimen169
\aboverulesep=\dimen170
\abovetopsep=\dimen171
\cmidrulesep=\dimen172
\cmidrulekern=\dimen173
\defaultaddspace=\dimen174
\@cmidla=\count309
\@cmidlb=\count310
\@aboverulesep=\dimen175
\@belowrulesep=\dimen176
\@thisruleclass=\count311
\@lastruleclass=\count312
\@thisrulewidth=\dimen177
)
(C:\Users\const\AppData\Local\Programs\MiKTeX\tex/latex/graphics\graphicx.sty
Package: graphicx 2020/09/09 v1.2b Enhanced LaTeX Graphics (DPC,SPQR)

(C:\Users\const\AppData\Local\Programs\MiKTeX\tex/latex/graphics\graphics.sty
Package: graphics 2020/08/30 v1.4c Standard LaTeX Graphics (DPC,SPQR)

(C:\Users\const\AppData\Local\Programs\MiKTeX\tex/latex/graphics\trig.sty
Package: trig 2016/01/03 v1.10 sin cos tan (DPC)
)
(C:\Users\const\AppData\Local\Programs\MiKTeX\tex/latex/graphics-cfg\graphics.c
fg
File: graphics.cfg 2016/06/04 v1.11 sample graphics configuration
)
Package graphics Info: Driver file: pdftex.def on input line 105.

(C:\Users\const\AppData\Local\Programs\MiKTeX\tex/latex/graphics-def\pdftex.def
File: pdftex.def 2020/10/05 v1.2a Graphics/color driver for pdftex
))
\Gin@req@height=\dimen178
\Gin@req@width=\dimen179
) (C:\Users\const\AppData\Local\Programs\MiKTeX\tex/latex/base\textcomp.sty
Package: textcomp 2020/02/02 v2.0n Standard LaTeX package
)
(C:\Users\const\AppData\Local\Programs\MiKTeX\tex/latex/url\url.sty
\Urlmuskip=\muskip17
Package: url 2013/09/16  ver 3.4  Verb mode for urls, etc.
)
(C:\Users\const\AppData\Local\Programs\MiKTeX\tex/latex/hyperref\hyperref.sty
Package: hyperref 2020-05-15 v7.00e Hypertext links for LaTeX

(C:\Users\const\AppData\Local\Programs\MiKTeX\tex/generic/ltxcmds\ltxcmds.sty
Package: ltxcmds 2020-05-10 v1.25 LaTeX kernel commands for general use (HO)
)
(C:\Users\const\AppData\Local\Programs\MiKTeX\tex/generic/pdftexcmds\pdftexcmds
.sty
Package: pdftexcmds 2020-06-27 v0.33 Utility functions of pdfTeX for LuaTeX (HO
)

(C:\Users\const\AppData\Local\Programs\MiKTeX\tex/generic/infwarerr\infwarerr.s
ty
Package: infwarerr 2019/12/03 v1.5 Providing info/warning/error messages (HO)
)
Package pdftexcmds Info: \pdf@primitive is available.
Package pdftexcmds Info: \pdf@ifprimitive is available.
Package pdftexcmds Info: \pdfdraftmode found.
)
(C:\Users\const\AppData\Local\Programs\MiKTeX\tex/generic/kvsetkeys\kvsetkeys.s
ty
Package: kvsetkeys 2019/12/15 v1.18 Key value parser (HO)
)
(C:\Users\const\AppData\Local\Programs\MiKTeX\tex/generic/kvdefinekeys\kvdefine
keys.sty
Package: kvdefinekeys 2019-12-19 v1.6 Define keys (HO)
)
(C:\Users\const\AppData\Local\Programs\MiKTeX\tex/generic/pdfescape\pdfescape.s
ty
Package: pdfescape 2019/12/09 v1.15 Implements pdfTeX's escape features (HO)
) (C:\Users\const\AppData\Local\Programs\MiKTeX\tex/latex/hycolor\hycolor.sty
Package: hycolor 2020-01-27 v1.10 Color options for hyperref/bookmark (HO)
)
(C:\Users\const\AppData\Local\Programs\MiKTeX\tex/latex/letltxmacro\letltxmacro
.sty
Package: letltxmacro 2019/12/03 v1.6 Let assignment for LaTeX macros (HO)
)
(C:\Users\const\AppData\Local\Programs\MiKTeX\tex/latex/auxhook\auxhook.sty
Package: auxhook 2019-12-17 v1.6 Hooks for auxiliary files (HO)
)
(C:\Users\const\AppData\Local\Programs\MiKTeX\tex/latex/kvoptions\kvoptions.sty
Package: kvoptions 2020-10-07 v3.14 Key value format for package options (HO)
)
\@linkdim=\dimen180
\Hy@linkcounter=\count313
\Hy@pagecounter=\count314
 (C:\Users\const\AppData\Local\Programs\MiKTeX\tex/latex/hyperref\pd1enc.def
File: pd1enc.def 2020-05-15 v7.00e Hyperref: PDFDocEncoding definition (HO)
Now handling font encoding PD1 ...
... no UTF-8 mapping file for font encoding PD1
)
(C:\Users\const\AppData\Local\Programs\MiKTeX\tex/generic/intcalc\intcalc.sty
Package: intcalc 2019/12/15 v1.3 Expandable calculations with integers (HO)
)
(C:\Users\const\AppData\Local\Programs\MiKTeX\tex/generic/etexcmds\etexcmds.sty
Package: etexcmds 2019/12/15 v1.7 Avoid name clashes with e-TeX commands (HO)
)
\Hy@SavedSpaceFactor=\count315
Package hyperref Info: Option `unicode' set `true' on input line 4338.
 (C:\Users\const\AppData\Local\Programs\MiKTeX\tex/latex/hyperref\puenc.def
File: puenc.def 2020-05-15 v7.00e Hyperref: PDF Unicode definition (HO)
Now handling font encoding PU ...
... no UTF-8 mapping file for font encoding PU
)
Package hyperref Info: Option `plainpages' set `false' on input line 4338.
Package hyperref Info: Option `pdfpagelabels' set `true' on input line 4338.
Package hyperref Info: Option `breaklinks' set `true' on input line 4338.
Package hyperref Info: Hyper figures OFF on input line 4464.
Package hyperref Info: Link nesting OFF on input line 4469.
Package hyperref Info: Hyper index ON on input line 4472.
Package hyperref Info: Plain pages OFF on input line 4479.
Package hyperref Info: Backreferencing OFF on input line 4484.
Package hyperref Info: Implicit mode ON; LaTeX internals redefined.
Package hyperref Info: Bookmarks ON on input line 4717.
\c@Hy@tempcnt=\count316
LaTeX Info: Redefining \url on input line 5076.
\XeTeXLinkMargin=\dimen181

(C:\Users\const\AppData\Local\Programs\MiKTeX\tex/generic/bitset\bitset.sty
Package: bitset 2019/12/09 v1.3 Handle bit-vector datatype (HO)

(C:\Users\const\AppData\Local\Programs\MiKTeX\tex/generic/bigintcalc\bigintcalc
.sty
Package: bigintcalc 2019/12/15 v1.5 Expandable calculations on big integers (HO
)
))
\Fld@menulength=\count317
\Field@Width=\dimen182
\Fld@charsize=\dimen183
Package hyperref Info: Hyper figures OFF on input line 6347.
Package hyperref Info: Link nesting OFF on input line 6352.
Package hyperref Info: Hyper index ON on input line 6355.
Package hyperref Info: backreferencing OFF on input line 6362.
Package hyperref Info: Link coloring OFF on input line 6367.
Package hyperref Info: Link coloring with OCG OFF on input line 6372.
Package hyperref Info: PDF/A mode OFF on input line 6377.
LaTeX Info: Redefining \ref on input line 6417.
LaTeX Info: Redefining \pageref on input line 6421.

(C:\Users\const\AppData\Local\Programs\MiKTeX\tex/latex/base\atbegshi-ltx.sty
Package: atbegshi-ltx 2020/08/17 v1.0a Emulation of the original atbegshi packa
ge
with kernel methods
)
\Hy@abspage=\count318
\c@Item=\count319
\c@Hfootnote=\count320
)
Package hyperref Info: Driver (autodetected): hpdftex.
(C:\Users\const\AppData\Local\Programs\MiKTeX\tex/latex/hyperref\hpdftex.def
File: hpdftex.def 2020-05-15 v7.00e Hyperref driver for pdfTeX

(C:\Users\const\AppData\Local\Programs\MiKTeX\tex/latex/base\atveryend-ltx.sty
Package: atveryend-ltx 2020/08/19 v1.0a Emulation of the original atvery packag
e
with kernel methods
)
\Fld@listcount=\count321
\c@bookmark@seq@number=\count322

(C:\Users\const\AppData\Local\Programs\MiKTeX\tex/latex/rerunfilecheck\rerunfil
echeck.sty
Package: rerunfilecheck 2019/12/05 v1.9 Rerun checks for auxiliary files (HO)

(C:\Users\const\AppData\Local\Programs\MiKTeX\tex/generic/uniquecounter\uniquec
ounter.sty
Package: uniquecounter 2019/12/15 v1.4 Provide unlimited unique counter (HO)
)
Package uniquecounter Info: New unique counter `rerunfilecheck' on input line 2
86.
)
\Hy@SectionHShift=\skip66
)
(C:\Users\const\AppData\Local\Programs\MiKTeX\tex/latex/oberdiek\hypcap.sty
Package: hypcap 2016/05/16 v1.12 Adjusting the anchors of captions (HO)
))
\dtldb@groupmembers=\toks46
\dtlkeys@groupmembers=\toks47
\dtlrows@groupmembers=\count323
\dtlcols@groupmembers=\count324

(C:\Users\const\AppData\Local\Programs\MiKTeX\tex/latex/l3backend\l3backend-pdf
tex.def
File: l3backend-pdftex.def 2020-09-24 L3 backend support: PDF output (pdfTeX)
\l__kernel_color_stack_int=\count325
\l__pdf_internal_box=\box49
)

LaTeX Warning: Unused global option(s):
    [top=0.2].

(project_report.aux

LaTeX Warning: Label `fig45' multiply defined.

)
\openout1 = `project_report.aux'.

LaTeX Font Info:    Checking defaults for OML/cmm/m/it on input line 23.
LaTeX Font Info:    ... okay on input line 23.
LaTeX Font Info:    Checking defaults for OMS/cmsy/m/n on input line 23.
LaTeX Font Info:    ... okay on input line 23.
LaTeX Font Info:    Checking defaults for OT1/cmr/m/n on input line 23.
LaTeX Font Info:    ... okay on input line 23.
LaTeX Font Info:    Checking defaults for T1/cmr/m/n on input line 23.
LaTeX Font Info:    ... okay on input line 23.
LaTeX Font Info:    Checking defaults for TS1/cmr/m/n on input line 23.
LaTeX Font Info:    ... okay on input line 23.
LaTeX Font Info:    Checking defaults for OMX/cmex/m/n on input line 23.
LaTeX Font Info:    ... okay on input line 23.
LaTeX Font Info:    Checking defaults for U/cmr/m/n on input line 23.
LaTeX Font Info:    ... okay on input line 23.
LaTeX Font Info:    Checking defaults for MDA/cmr/m/n on input line 23.
LaTeX Font Info:    Trying to load font information for MDA+cmr on input line 2
3.
 (C:\Users\const\AppData\Local\Programs\MiKTeX\tex/latex/mathdesign\mdacmr.fd
File: mdacmr.fd 
)
LaTeX Font Info:    ... okay on input line 23.
LaTeX Font Info:    Checking defaults for MDB/cmr/m/n on input line 23.
LaTeX Font Info:    Trying to load font information for MDB+cmr on input line 2
3.
(C:\Users\const\AppData\Local\Programs\MiKTeX\tex/latex/mathdesign\mdbcmr.fd
File: mdbcmr.fd 
)
LaTeX Font Info:    ... okay on input line 23.
LaTeX Font Info:    Checking defaults for PD1/pdf/m/n on input line 23.
LaTeX Font Info:    ... okay on input line 23.
LaTeX Font Info:    Checking defaults for PU/pdf/m/n on input line 23.
LaTeX Font Info:    ... okay on input line 23.

*geometry* driver: auto-detecting
*geometry* detected driver: pdftex
*geometry* verbose mode - [ preamble ] result:
* driver: pdftex
* paper: a4paper
* layout: <same size as paper>
* layoutoffset:(h,v)=(0.0pt,0.0pt)
* hratio: 1:1
* modes: twoside asymmetric 
* h-part:(L,W,R)=(56.90552pt, 483.69684pt, 56.90552pt)
* v-part:(T,H,B)=(45.52438pt, 731.23582pt, 68.28664pt)
* \paperwidth=597.50787pt
* \paperheight=845.04684pt
* \textwidth=483.69684pt
* \textheight=731.23582pt
* \oddsidemargin=-15.36447pt
* \evensidemargin=-15.36447pt
* \topmargin=-63.7456pt
* \headheight=15.0pt
* \headsep=25.0pt
* \topskip=10.0pt
* \footskip=30.0pt
* \marginparwidth=111.0pt
* \marginparsep=11.0pt
* \columnsep=10.0pt
* \skip\footins=9.0pt plus 4.0pt minus 2.0pt
* \hoffset=0.0pt
* \voffset=0.0pt
* \mag=1000
* \@twocolumnfalse
* \@twosidetrue
* \@mparswitchfalse
* \@reversemarginfalse
* (1in=72.27pt=25.4mm, 1cm=28.453pt)

Package caption Info: Begin \AtBeginDocument code.
Package caption Info: hyperref package is loaded.
Package caption Info: hypcap package is loaded.
Package caption Info: End \AtBeginDocument code.

(C:\Users\const\AppData\Local\Programs\MiKTeX\tex/context/base/mkii\supp-pdf.mk
ii
[Loading MPS to PDF converter (version 2006.09.02).]
\scratchcounter=\count326
\scratchdimen=\dimen184
\scratchbox=\box50
\nofMPsegments=\count327
\nofMParguments=\count328
\everyMPshowfont=\toks48
\MPscratchCnt=\count329
\MPscratchDim=\dimen185
\MPnumerator=\count330
\makeMPintoPDFobject=\count331
\everyMPtoPDFconversion=\toks49
)
(C:\Users\const\AppData\Local\Programs\MiKTeX\tex/latex/epstopdf-pkg\epstopdf-b
ase.sty
Package: epstopdf-base 2020-01-24 v2.11 Base part for package epstopdf

(C:\Users\const\AppData\Local\Programs\MiKTeX\tex/latex/grfext\grfext.sty
Package: grfext 2019/12/03 v1.3 Manage graphics extensions (HO)
)
Package epstopdf-base Info: Redefining graphics rule for `.eps' on input line 4
85.
Package grfext Info: Graphics extension search list:
(grfext)             [.pdf,.png,.jpg,.mps,.jpeg,.jbig2,.jb2,.PDF,.PNG,.JPG,.JPE
G,.JBIG2,.JB2,.eps]
(grfext)             \AppendGraphicsExtensions on input line 504.
)
Package hyperref Info: Link coloring OFF on input line 23.

(C:\Users\const\AppData\Local\Programs\MiKTeX\tex/latex/hyperref\nameref.sty
Package: nameref 2019/09/16 v2.46 Cross-referencing by name of section

(C:\Users\const\AppData\Local\Programs\MiKTeX\tex/latex/refcount\refcount.sty
Package: refcount 2019/12/15 v3.6 Data extraction from label references (HO)
)
(C:\Users\const\AppData\Local\Programs\MiKTeX\tex/generic/gettitlestring\gettit
lestring.sty
Package: gettitlestring 2019/12/15 v1.6 Cleanup title references (HO)
)
\c@section@level=\count332
)
LaTeX Info: Redefining \ref on input line 23.
LaTeX Info: Redefining \pageref on input line 23.
LaTeX Info: Redefining \nameref on input line 23.
 (project_report.out) (project_report.out)
\@outlinefile=\write4
\openout4 = `project_report.out'.

<usi.png, id=75, 1223.57124pt x 522.95375pt>
File: usi.png Graphic file (type png)
<use usi.png>
Package pdftex.def Info: usi.png  used on input line 25.
(pdftex.def)             Requested size: 142.26378pt x 60.79672pt.
LaTeX Font Info:    Font shape `T1/mdbch/m/n' will be
(Font)              scaled to size 13.82408pt on input line 25.
LaTeX Font Info:    Font shape `T1/mdbch/b/n' will be
(Font)              scaled to size 13.82408pt on input line 25.
LaTeX Font Info:    Font shape `T1/mdbch/m/n' will be
(Font)              scaled to size 19.91054pt on input line 25.
LaTeX Font Info:    Trying to load font information for T1+uop on input line 25
.
LaTeX Font Info:    No file T1uop.fd. on input line 25.


LaTeX Font Warning: Font shape `T1/uop/m/n' undefined
(Font)              using `T1/cmr/m/n' instead on input line 25.


Underfull \hbox (badness 10000) in paragraph at lines 25--25

 []

LaTeX Font Info:    Font shape `T1/mdbch/m/it' will be
(Font)              scaled to size 9.60007pt on input line 25.
LaTeX Font Info:    Trying to load font information for OT1+mdbch on input line
 25.

(C:\Users\const\AppData\Local\Programs\MiKTeX\tex/latex/mathdesign/mdbch\ot1mdb
ch.fd
File: ot1mdbch.fd 2013/08/29 Fontinst v1.933 font definitions for OT1/mdbch.
)
LaTeX Font Info:    Font shape `OT1/mdbch/m/n' will be
(Font)              scaled to size 9.60007pt on input line 25.
LaTeX Font Info:    Font shape `OT1/mdbch/m/n' will be
(Font)              scaled to size 6.72005pt on input line 25.
LaTeX Font Info:    Font shape `OT1/mdbch/m/n' will be
(Font)              scaled to size 4.80003pt on input line 25.
LaTeX Font Info:    Trying to load font information for OML+mdbch on input line
 25.

(C:\Users\const\AppData\Local\Programs\MiKTeX\tex/latex/mathdesign/mdbch\omlmdb
ch.fd
File: omlmdbch.fd 2013/08/29 Fontinst v1.933 font definitions for OML/mdbch.
)
LaTeX Font Info:    Font shape `OML/mdbch/m/it' will be
(Font)              scaled to size 9.60007pt on input line 25.
LaTeX Font Info:    Font shape `OML/mdbch/m/it' will be
(Font)              scaled to size 6.72005pt on input line 25.
LaTeX Font Info:    Font shape `OML/mdbch/m/it' will be
(Font)              scaled to size 4.80003pt on input line 25.
LaTeX Font Info:    Trying to load font information for OMS+mdbch on input line
 25.

(C:\Users\const\AppData\Local\Programs\MiKTeX\tex/latex/mathdesign/mdbch\omsmdb
ch.fd
File: omsmdbch.fd 2013/08/29 Fontinst v1.933 font definitions for OMS/mdbch.
)
LaTeX Font Info:    Font shape `OMS/mdbch/m/n' will be
(Font)              scaled to size 9.60007pt on input line 25.
LaTeX Font Info:    Font shape `OMS/mdbch/m/n' will be
(Font)              scaled to size 6.72005pt on input line 25.
LaTeX Font Info:    Font shape `OMS/mdbch/m/n' will be
(Font)              scaled to size 4.80003pt on input line 25.
LaTeX Font Info:    Trying to load font information for OMX+mdbch on input line
 25.

(C:\Users\const\AppData\Local\Programs\MiKTeX\tex/latex/mathdesign/mdbch\omxmdb
ch.fd
File: omxmdbch.fd 2013/08/29 Fontinst v1.933 font definitions for OMX/mdbch.
)
LaTeX Font Info:    Font shape `OMX/mdbch/m/n' will be
(Font)              scaled to size 9.60007pt on input line 25.
LaTeX Font Info:    Font shape `OMX/mdbch/m/n' will be
(Font)              scaled to size 6.72005pt on input line 25.
LaTeX Font Info:    Font shape `OMX/mdbch/m/n' will be
(Font)              scaled to size 4.80003pt on input line 25.
LaTeX Font Info:    Font shape `OML/mdbch/m/n' will be
(Font)              scaled to size 9.60007pt on input line 25.
LaTeX Font Info:    Font shape `OML/mdbch/m/n' will be
(Font)              scaled to size 6.72005pt on input line 25.
LaTeX Font Info:    Font shape `OML/mdbch/m/n' will be
(Font)              scaled to size 4.80003pt on input line 25.
LaTeX Font Info:    Trying to load font information for MDA+mdbch on input line
 25.

(C:\Users\const\AppData\Local\Programs\MiKTeX\tex/latex/mathdesign/mdbch\mdamdb
ch.fd
File: mdamdbch.fd 2013/08/29 Fontinst v1.933 font definitions for MDA/mdbch.
)
LaTeX Font Info:    Font shape `MDA/mdbch/m/n' will be
(Font)              scaled to size 9.60007pt on input line 25.
LaTeX Font Info:    Font shape `MDA/mdbch/m/n' will be
(Font)              scaled to size 6.72005pt on input line 25.
LaTeX Font Info:    Font shape `MDA/mdbch/m/n' will be
(Font)              scaled to size 4.80003pt on input line 25.
LaTeX Font Info:    Trying to load font information for MDB+mdbch on input line
 25.

(C:\Users\const\AppData\Local\Programs\MiKTeX\tex/latex/mathdesign/mdbch\mdbmdb
ch.fd
File: mdbmdbch.fd 2013/08/29 Fontinst v1.933 font definitions for MDB/mdbch.
)
LaTeX Font Info:    Font shape `MDB/mdbch/m/n' will be
(Font)              scaled to size 9.60007pt on input line 25.
LaTeX Font Info:    Font shape `MDB/mdbch/m/n' will be
(Font)              scaled to size 6.72005pt on input line 25.
LaTeX Font Info:    Font shape `MDB/mdbch/m/n' will be
(Font)              scaled to size 4.80003pt on input line 25.
LaTeX Font Info:    Font shape `T1/mdbch/b/n' will be
(Font)              scaled to size 9.60007pt on input line 25.
LaTeX Font Info:    Font shape `T1/mdbch/m/n' will be
(Font)              scaled to size 6.72005pt on input line 25.
LaTeX Font Info:    Font shape `T1/mdbch/m/n' will be
(Font)              scaled to size 4.80003pt on input line 25.

Underfull \hbox (badness 10000) in paragraph at lines 25--25

 []


Underfull \hbox (badness 10000) in paragraph at lines 25--25

 []


Underfull \hbox (badness 10000) in paragraph at lines 25--25

 []


Underfull \hbox (badness 10000) in paragraph at lines 25--25

 []

[0


{C:/Users/const/AppData/Local/MiKTeX/pdftex/config/pdftex.map} <./usi.png>]
LaTeX Font Info:    Font shape `T1/mdbch/m/n' will be
(Font)              scaled to size 11.52008pt on input line 36.
LaTeX Font Info:    Font shape `T1/mdbch/b/n' will be
(Font)              scaled to size 11.52008pt on input line 36.
LaTeX Font Info:    Trying to load font information for TS1+mdbch on input line
 39.

(C:\Users\const\AppData\Local\Programs\MiKTeX\tex/latex/mathdesign/mdbch\ts1mdb
ch.fd
File: ts1mdbch.fd 2013/08/29 Fontinst v1.933 font definitions for TS1/mdbch.
)
LaTeX Font Info:    Font shape `TS1/mdbch/m/n' will be
(Font)              scaled to size 9.60007pt on input line 39.
 [1]
<figures/image36.png, id=123, 878.28125pt x 713.66624pt>
File: figures/image36.png Graphic file (type png)
<use figures/image36.png>
Package pdftex.def Info: figures/image36.png  used on input line 62.
(pdftex.def)             Requested size: 241.84842pt x 196.51472pt.
LaTeX Font Info:    Font shape `T1/mdbch/m/n' will be
(Font)              scaled to size 7.68005pt on input line 63.
LaTeX Font Info:    Font shape `T1/mdbch/b/n' will be
(Font)              scaled to size 7.68005pt on input line 63.
LaTeX Font Info:    Font shape `OT1/mdbch/m/n' will be
(Font)              scaled to size 7.68005pt on input line 63.
LaTeX Font Info:    Font shape `OT1/mdbch/m/n' will be
(Font)              scaled to size 5.76004pt on input line 63.
LaTeX Font Info:    Font shape `OML/mdbch/m/it' will be
(Font)              scaled to size 7.68005pt on input line 63.
LaTeX Font Info:    Font shape `OML/mdbch/m/it' will be
(Font)              scaled to size 5.76004pt on input line 63.
LaTeX Font Info:    Font shape `OMS/mdbch/m/n' will be
(Font)              scaled to size 7.68005pt on input line 63.
LaTeX Font Info:    Font shape `OMS/mdbch/m/n' will be
(Font)              scaled to size 5.76004pt on input line 63.
LaTeX Font Info:    Font shape `OMX/mdbch/m/n' will be
(Font)              scaled to size 7.68005pt on input line 63.
LaTeX Font Info:    Font shape `OMX/mdbch/m/n' will be
(Font)              scaled to size 5.76004pt on input line 63.
LaTeX Font Info:    Font shape `OML/mdbch/m/n' will be
(Font)              scaled to size 7.68005pt on input line 63.
LaTeX Font Info:    Font shape `OML/mdbch/m/n' will be
(Font)              scaled to size 5.76004pt on input line 63.
LaTeX Font Info:    Font shape `MDA/mdbch/m/n' will be
(Font)              scaled to size 7.68005pt on input line 63.
LaTeX Font Info:    Font shape `MDA/mdbch/m/n' will be
(Font)              scaled to size 5.76004pt on input line 63.
LaTeX Font Info:    Font shape `MDB/mdbch/m/n' will be
(Font)              scaled to size 7.68005pt on input line 63.
LaTeX Font Info:    Font shape `MDB/mdbch/m/n' will be
(Font)              scaled to size 5.76004pt on input line 63.
 [2 <./figures/image36.png>]
<figures/image35.png, id=159, 1122.1925pt x 800.9925pt>
File: figures/image35.png Graphic file (type png)
<use figures/image35.png>
Package pdftex.def Info: figures/image35.png  used on input line 99.
(pdftex.def)             Requested size: 241.84842pt x 172.62558pt.
 [3 <./figures/image35.png>]
<figures/image37.png, id=180, 719.68875pt x 620.3175pt>
File: figures/image37.png Graphic file (type png)
<use figures/image37.png>
Package pdftex.def Info: figures/image37.png  used on input line 119.
(pdftex.def)             Requested size: 241.84842pt x 208.45366pt.
<figures/image42.png, id=187, 758.835pt x 479.7925pt>
File: figures/image42.png Graphic file (type png)
<use figures/image42.png>
Package pdftex.def Info: figures/image42.png  used on input line 137.
(pdftex.def)             Requested size: 290.22105pt x 183.50172pt.


LaTeX Warning: `h' float specifier changed to `ht'.

[4 <./figures/image37.png>]
<figures/image41.png, id=214, 801.99625pt x 654.445pt>
File: figures/image41.png Graphic file (type png)
<use figures/image41.png>
Package pdftex.def Info: figures/image41.png  used on input line 157.
(pdftex.def)             Requested size: 338.5863pt x 276.29303pt.
 [5 <./figures/image42.png> <./figures/image41.png>]
<figures/image49.png, id=232, 210.7875pt x 572.1375pt>
File: figures/image49.png Graphic file (type png)
<use figures/image49.png>
Package pdftex.def Info: figures/image49.png  used on input line 211.
(pdftex.def)             Requested size: 145.11052pt x 393.8761pt.

LaTeX Warning: `h' float specifier changed to `ht'.

[6]
<figures/image50.jpg, id=244, 1927.2pt x 939.51pt>
File: figures/image50.jpg Graphic file (type jpg)
<use figures/image50.jpg>
Package pdftex.def Info: figures/image50.jpg  used on input line 220.
(pdftex.def)             Requested size: 483.69684pt x 235.7944pt.


LaTeX Warning: `h' float specifier changed to `ht'.

<figures/image51.jpg, id=245, 1927.2pt x 939.51pt>
File: figures/image51.jpg Graphic file (type jpg)
<use figures/image51.jpg>
Package pdftex.def Info: figures/image51.jpg  used on input line 227.
(pdftex.def)             Requested size: 435.32419pt x 212.2121pt.

LaTeX Warning: `!h' float specifier changed to `!ht'.

<figures/image52.jpg, id=246, 1164.35pt x 847.165pt>
File: figures/image52.jpg Graphic file (type jpg)
<use figures/image52.jpg>
Package pdftex.def Info: figures/image52.jpg  used on input line 237.
(pdftex.def)             Requested size: 273.72888pt x 199.16928pt.

Overfull \hbox (31.88046pt too wide) in paragraph at lines 237--238
 [][] 
 []

<figures/image53.jpg, id=247, 947.54pt x 766.865pt>
File: figures/image53.jpg Graphic file (type jpg)
<use figures/image53.jpg>
Package pdftex.def Info: figures/image53.jpg  used on input line 243.
(pdftex.def)             Requested size: 246.09433pt x 199.16928pt.

Overfull \hbox (4.24591pt too wide) in paragraph at lines 243--244
 [][] 
 []


LaTeX Warning: `!h' float specifier changed to `!ht'.

<figures/image24.png, id=248, 878.28125pt x 658.46pt>
File: figures/image24.png Graphic file (type png)
<use figures/image24.png>
Package pdftex.def Info: figures/image24.png  used on input line 252.
(pdftex.def)             Requested size: 241.84842pt x 181.31317pt.
<figures/image25.png, id=249, 878.28125pt x 658.46pt>
File: figures/image25.png Graphic file (type png)
<use figures/image25.png>
Package pdftex.def Info: figures/image25.png  used on input line 258.
(pdftex.def)             Requested size: 241.84842pt x 181.31317pt.
<figures/image26.png, id=250, 878.28125pt x 658.46pt>
File: figures/image26.png Graphic file (type png)
<use figures/image26.png>
Package pdftex.def Info: figures/image26.png  used on input line 263.
(pdftex.def)             Requested size: 241.84842pt x 181.31317pt.
<figures/image27.png, id=251, 878.28125pt x 658.46pt>
File: figures/image27.png Graphic file (type png)
<use figures/image27.png>
Package pdftex.def Info: figures/image27.png  used on input line 268.
(pdftex.def)             Requested size: 241.84842pt x 181.31317pt.

LaTeX Warning: `!h' float specifier changed to `!ht'.


Underfull \vbox (badness 1424) has occurred while \output is active []

 [7 <./figures/image49.png>] [8 <./figures/image50.jpg> <./figures/image51.jpg>
]

LaTeX Warning: Text page 9 contains only floats.

[9 <./figures/image52.jpg> <./figures/image53.jpg> <./figures/image24.png> <./f
igures/image25.png> <./figures/image26.png> <./figures/image27.png>]
<figures/image28.jpg, id=280, 1307.88625pt x 929.4725pt>
File: figures/image28.jpg Graphic file (type jpg)
<use figures/image28.jpg>
Package pdftex.def Info: figures/image28.jpg  used on input line 295.
(pdftex.def)             Requested size: 338.5863pt x 240.62183pt.
 [10 <./figures/image28.jpg>]
<figures/image29.jpg, id=290, 1590.94376pt x 667.49374pt>
File: figures/image29.jpg Graphic file (type jpg)
<use figures/image29.jpg>
Package pdftex.def Info: figures/image29.jpg  used on input line 304.
(pdftex.def)             Requested size: 435.32419pt x 182.63959pt.
<figures/image30.jpg, id=291, 1575.8875pt x 739.76375pt>
File: figures/image30.jpg Graphic file (type jpg)
<use figures/image30.jpg>
Package pdftex.def Info: figures/image30.jpg  used on input line 311.
(pdftex.def)             Requested size: 435.32419pt x 204.34433pt.
<figures/image31.jpg, id=296, 702.625pt x 526.96875pt>
File: figures/image31.jpg Graphic file (type jpg)
<use figures/image31.jpg>
Package pdftex.def Info: figures/image31.jpg  used on input line 323.
(pdftex.def)             Requested size: 265.56363pt x 199.16928pt.

Overfull \hbox (23.71521pt too wide) in paragraph at lines 323--324
 [][] 
 []

<figures/image32.jpg, id=297, 702.625pt x 526.96875pt>
File: figures/image32.jpg Graphic file (type jpg)
<use figures/image32.jpg>
Package pdftex.def Info: figures/image32.jpg  used on input line 329.
(pdftex.def)             Requested size: 265.56363pt x 199.16928pt.

Overfull \hbox (23.71521pt too wide) in paragraph at lines 329--330
 [][] 
 []


LaTeX Warning: `!h' float specifier changed to `!ht'.

<figures/image33.jpg, id=300, 1567.8575pt x 526.96875pt>
File: figures/image33.jpg Graphic file (type jpg)
<use figures/image33.jpg>
Package pdftex.def Info: figures/image33.jpg  used on input line 339.
(pdftex.def)             Requested size: 435.32419pt x 146.31194pt.
[11 <./figures/image29.jpg> <./figures/image30.jpg>]
<figures/image14.jpg, id=308, 1575.8875pt x 526.96875pt>
File: figures/image14.jpg Graphic file (type jpg)
<use figures/image14.jpg>
Package pdftex.def Info: figures/image14.jpg  used on input line 346.
(pdftex.def)             Requested size: 435.32419pt x 145.56413pt.
 [12 <./figures/image31.jpg> <./figures/image32.jpg> <./figures/image33.jpg> <.
/figures/image14.jpg>]
<figures/image15.jpg, id=318, 1113.15875pt x 929.4725pt>
File: figures/image15.jpg Graphic file (type jpg)
<use figures/image15.jpg>
Package pdftex.def Info: figures/image15.jpg  used on input line 356.
(pdftex.def)             Requested size: 338.5863pt x 282.71574pt.
<figures/image16.jpg, id=319, 1449.415pt x 545.03625pt>
File: figures/image16.jpg Graphic file (type jpg)
<use figures/image16.jpg>
Package pdftex.def Info: figures/image16.jpg  used on input line 363.
(pdftex.def)             Requested size: 435.32419pt x 163.6951pt.
<figures/image17.jpg, id=322, 831.105pt x 526.96875pt>
File: figures/image17.jpg Graphic file (type jpg)
<use figures/image17.jpg>
Package pdftex.def Info: figures/image17.jpg  used on input line 373.
(pdftex.def)             Requested size: 241.84842pt x 153.33968pt.


LaTeX Warning: `!h' float specifier changed to `!ht'.

<figures/image18.png, id=323, 843.15pt x 632.3625pt>
File: figures/image18.png Graphic file (type png)
<use figures/image18.png>
Package pdftex.def Info: figures/image18.png  used on input line 380.
(pdftex.def)             Requested size: 338.5863pt x 253.94402pt.

LaTeX Warning: `!h' float specifier changed to `!ht'.

[13 <./figures/image15.jpg> <./figures/image16.jpg>]
<figures/image19.jpg, id=333, 1564.84625pt x 526.96875pt>
File: figures/image19.jpg Graphic file (type jpg)
<use figures/image19.jpg>
Package pdftex.def Info: figures/image19.jpg  used on input line 390.
(pdftex.def)             Requested size: 435.32419pt x 146.59337pt.


LaTeX Warning: `!h' float specifier changed to `!ht'.

<figures/image20.png, id=334, 1927.2pt x 914.41624pt>
File: figures/image20.png Graphic file (type png)
<use figures/image20.png>
Package pdftex.def Info: figures/image20.png  used on input line 397.
(pdftex.def)             Requested size: 435.32419pt x 206.54404pt.

LaTeX Warning: `!h' float specifier changed to `!ht'.

<figures/image21.jpg, id=339, 702.625pt x 526.96875pt>
File: figures/image21.jpg Graphic file (type jpg)
<use figures/image21.jpg>
Package pdftex.def Info: figures/image21.jpg  used on input line 409.
(pdftex.def)             Requested size: 265.56363pt x 199.16928pt.

Overfull \hbox (23.71521pt too wide) in paragraph at lines 409--410
 [][] 
 []

<figures/image22.jpg, id=340, 702.625pt x 526.96875pt>
File: figures/image22.jpg Graphic file (type jpg)
<use figures/image22.jpg>
Package pdftex.def Info: figures/image22.jpg  used on input line 415.
(pdftex.def)             Requested size: 265.56363pt x 199.16928pt.

Overfull \hbox (23.71521pt too wide) in paragraph at lines 415--416
 [][] 
 []


LaTeX Warning: `!h' float specifier changed to `!ht'.

[14 <./figures/image17.jpg> <./figures/image18.png (PNG copy)>]

LaTeX Warning: Text page 15 contains only floats.


Overfull \vbox (1.5714pt too high) has occurred while \output is active []


[15 <./figures/image19.jpg> <./figures/image20.png (PNG copy)> <./figures/image
21.jpg> <./figures/image22.jpg>]
<figures/image23.png, id=354, 1927.2pt x 914.41624pt>
File: figures/image23.png Graphic file (type png)
<use figures/image23.png>
Package pdftex.def Info: figures/image23.png  used on input line 425.
(pdftex.def)             Requested size: 435.32419pt x 206.54404pt.
<figures/twoFeatMixedEval.png, id=355, 1445.4pt x 685.8122pt>
File: figures/twoFeatMixedEval.png Graphic file (type png)
<use figures/twoFeatMixedEval.png>
Package pdftex.def Info: figures/twoFeatMixedEval.png  used on input line 432.
(pdftex.def)             Requested size: 435.32419pt x 206.55103pt.
<figures/image7.png, id=357, 843.15pt x 632.3625pt>
File: figures/image7.png Graphic file (type png)
<use figures/image7.png>
Package pdftex.def Info: figures/image7.png  used on input line 441.
(pdftex.def)             Requested size: 338.5863pt x 253.94402pt.


LaTeX Warning: `!h' float specifier changed to `!ht'.

<figures/image8.jpg, id=360, 1779.64874pt x 526.96875pt>
File: figures/image8.jpg Graphic file (type jpg)
<use figures/image8.jpg>
Package pdftex.def Info: figures/image8.jpg  used on input line 451.
(pdftex.def)             Requested size: 435.32419pt x 128.90343pt.
[16 <./figures/image23.png (PNG copy)> <./figures/twoFeatMixedEval.png (PNG cop
y)>]
<figures/image9.jpg, id=370, 1587.9325pt x 526.96875pt>
File: figures/image9.jpg Graphic file (type jpg)
<use figures/image9.jpg>
Package pdftex.def Info: figures/image9.jpg  used on input line 458.
(pdftex.def)             Requested size: 435.32419pt x 144.46254pt.
 [17 <./figures/image7.png (PNG copy)> <./figures/image8.jpg> <./figures/image9
.jpg>]
<figures/image10.jpg, id=378, 702.625pt x 526.96875pt>
File: figures/image10.jpg Graphic file (type jpg)
<use figures/image10.jpg>
Package pdftex.def Info: figures/image10.jpg  used on input line 471.
(pdftex.def)             Requested size: 265.56363pt x 199.16928pt.

Overfull \hbox (23.71521pt too wide) in paragraph at lines 471--472
 [][] 
 []

<figures/image11.jpg, id=379, 702.625pt x 526.96875pt>
File: figures/image11.jpg Graphic file (type jpg)
<use figures/image11.jpg>
Package pdftex.def Info: figures/image11.jpg  used on input line 477.
(pdftex.def)             Requested size: 265.56363pt x 199.16928pt.

Overfull \hbox (23.71521pt too wide) in paragraph at lines 477--478
 [][] 
 []

<figures/image12.jpg, id=382, 1923.185pt x 526.96875pt>
File: figures/image12.jpg Graphic file (type jpg)
<use figures/image12.jpg>
Package pdftex.def Info: figures/image12.jpg  used on input line 487.
(pdftex.def)             Requested size: 435.32419pt x 119.27849pt.
<figures/image13.jpg, id=383, 1791.69376pt x 526.96875pt>
File: figures/image13.jpg Graphic file (type jpg)
<use figures/image13.jpg>
Package pdftex.def Info: figures/image13.jpg  used on input line 494.
(pdftex.def)             Requested size: 435.32419pt x 128.035pt.
[18 <./figures/image10.jpg> <./figures/image11.jpg> <./figures/image12.jpg> <./
figures/image13.jpg>]
<figures/training.png, id=392, 421.575pt x 316.0608pt>
File: figures/training.png Graphic file (type png)
<use figures/training.png>
Package pdftex.def Info: figures/training.png  used on input line 506.
(pdftex.def)             Requested size: 241.84842pt x 181.31879pt.
<figures/test.png, id=393, 421.575pt x 316.0608pt>
File: figures/test.png Graphic file (type png)
<use figures/test.png>
Package pdftex.def Info: figures/test.png  used on input line 512.
(pdftex.def)             Requested size: 241.84842pt x 181.31879pt.
<figures/evaluation.png, id=396, 421.575pt x 316.0608pt>
File: figures/evaluation.png Graphic file (type png)
<use figures/evaluation.png>
Package pdftex.def Info: figures/evaluation.png  used on input line 522.
(pdftex.def)             Requested size: 338.5863pt x 253.84727pt.
 [19 <./figures/training.png (PNG copy)> <./figures/test.png (PNG copy)> <./fig
ures/evaluation.png (PNG copy)>] [20] (project_report.bbl
LaTeX Font Info:    Font shape `T1/fvm/m/n' will be
(Font)              scaled to size 8.43994pt on input line 36.

Underfull \hbox (badness 10000) in paragraph at lines 32--38
[]\T1/mdbch/m/n/10 K. Chaud-hary.  Un-der-stand-ing au-dio data, fourier trans-
form, fft and spec-tro-
 []


Underfull \hbox (badness 10000) in paragraph at lines 32--38
\T1/mdbch/m/n/10 gram fea-tures for a speech recog-ni-tion sys-tem.  []$\T1/fvm
/m/n/10 https : / / towardsdatascience . com /
 []


Overfull \hbox (30.14156pt too wide) in paragraph at lines 32--38
\T1/fvm/m/n/10 understanding-[]audio-[]data-[]fourier-[]transform-[]fft-[]spect
rogram-[]and-[]speech-[]recognition-[]a4072d228520/$[]\T1/mdbch/m/n/10 ,
 []


Underfull \hbox (badness 10000) in paragraph at lines 58--63
[]\T1/mdbch/m/n/10 C. Mak-lin.  Fast fourier trans-form.  []$\T1/fvm/m/n/10 htt
ps : / / towardsdatascience . com /
 []

) [21

] (project_report.aux)
Package rerunfilecheck Info: File `project_report.out' has not changed.
(rerunfilecheck)             Checksum: 598D13631BE0AE6947C64FC82AE302A8;2642.


LaTeX Font Warning: Some font shapes were not available, defaults substituted.


LaTeX Warning: There were multiply-defined labels.

 ) 
Here is how much of TeX's memory you used:
 15623 strings out of 479697
 232092 string characters out of 2867132
 546756 words of memory out of 3000000
 32247 multiletter control sequences out of 15000+200000
 460938 words of font info for 113 fonts, out of 3000000 for 9000
 1141 hyphenation exceptions out of 8191
 108i,9n,128p,1590b,594s stack positions out of 5000i,500n,10000p,200000b,50000s
{C:/Users/const/AppData/Local/Programs/MiKTeX/fonts/enc/dvips/base/8r.enc}{C:
/Users/const/AppData/Local/Programs/MiKTeX/fonts/enc/dvips/cm-super/cm-super-t1
.enc}{C:/Users/const/AppData/Local/Programs/MiKTeX/fonts/enc/dvips/ly1/texnansi
.enc}<C:/Users/const/AppData/Local/Programs/MiKTeX/fonts/type1/bitstrea/charter
/bchb8a.pfb><C:/Users/const/AppData/Local/Programs/MiKTeX/fonts/type1/bitstrea/
charter/bchr8a.pfb><C:/Users/const/AppData/Local/Programs/MiKTeX/fonts/type1/bi
tstrea/charter/bchri8a.pfb><C:/Users/const/AppData/Local/Programs/MiKTeX/fonts/
type1/bera/fvmr8a.pfb><C:/Users/const/AppData/Local/Programs/MiKTeX/fonts/type1
/mathdesign/mdbch/md-chr7t.pfb><C:/Users/const/AppData/Local/Programs/MiKTeX/fo
nts/type1/mathdesign/mdbch/md-chr7v.pfb><C:/Users/const/AppData/Local/Programs/
MiKTeX/fonts/type1/mathdesign/mdbch/md-chr7y.pfb><C:/Users/const/AppData/Local/
Programs/MiKTeX/fonts/type1/mathdesign/mdbch/md-chr8t.pfb><C:/Users/const/AppDa
ta/Local/Programs/MiKTeX/fonts/type1/mathdesign/mdbch/md-chri7m.pfb><C:/Users/c
onst/AppData/Local/Programs/MiKTeX/fonts/type1/mathdesign/mdbch/md-chri8t.pfb><
C:/Users/const/AppData/Local/Programs/MiKTeX/fonts/type1/public/cm-super/sfrm10
00.pfb><C:/Users/const/AppData/Local/Programs/MiKTeX/fonts/type1/public/cm-supe
r/sfrm2074.pfb>
Output written on project_report.pdf (22 pages, 2541746 bytes).
PDF statistics:
 491 PDF objects out of 1000 (max. 8388607)
 117 named destinations out of 1000 (max. 500000)
 355 words of extra memory for PDF output out of 10000 (max. 10000000)

